app/build/intermediates/manifest_merge_blame_file/debug/manifest-merger-blame-debug-report.txt
1<?xml version="1.0" encoding="utf-8"?>
2<manifest xmlns:android="http://schemas.android.com/apk/res/android"
3    package="com.android.vnnv"
4    android:versionCode="1"
5    android:versionName="1.0" >
6
7    <uses-sdk
8        android:minSdkVersion="24"
8-->src/main/AndroidManifest.xml
9        android:targetSdkVersion="30" />
9-->src/main/AndroidManifest.xml
10
11    <uses-permission android:name="android.permission.INTERNET" />
11-->src/main/AndroidManifest.xml:4:3-64
11-->src/main/AndroidManifest.xml:4:20-62
12
13    <!-- Although the *SdkVersion is captured in gradle build files, this is required for non gradle builds -->
14    <!-- <uses-sdk android:minSdkVersion="14"/> -->
15    <uses-permission android:name="android.permission.ACCESS_NETWORK_STATE" />
15-->[com.google.firebase:firebase-database:20.0.5] AndroidManifest.xml:25:5-79
15-->[com.google.firebase:firebase-database:20.0.5] AndroidManifest.xml:25:22-76
16
17    <application
17-->src/main/AndroidManifest.xml:5:5-29:19
18        android:allowBackup="true"
18-->src/main/AndroidManifest.xml:6:9-35
19        android:appComponentFactory="androidx.core.app.CoreComponentFactory"
19-->[androidx.core:core:1.5.0] AndroidManifest.xml:24:18-86
20        android:debuggable="true"
21        android:extractNativeLibs="false"
22        android:icon="@mipmap/ic_launcher"
22-->src/main/AndroidManifest.xml:7:9-43
23        android:label="ChoIk"
23-->src/main/AndroidManifest.xml:8:9-30
24        android:roundIcon="@mipmap/ic_launcher_round"
24-->src/main/AndroidManifest.xml:9:9-54
25        android:supportsRtl="true"
25-->src/main/AndroidManifest.xml:10:9-35
26        android:testOnly="true"
27        android:theme="@style/Theme.FoodOrderApp" >
27-->src/main/AndroidManifest.xml:11:9-50
28        <activity android:name="com.android.vnnv.WaitingShipperPage" />
28-->src/main/AndroidManifest.xml:12:9-81
28-->src/main/AndroidManifest.xml:12:19-69
29        <activity android:name="com.android.vnnv.PlaceYourOrderActivity" />
29-->src/main/AndroidManifest.xml:13:9-76
29-->src/main/AndroidManifest.xml:13:19-73
30        <activity android:name="com.android.vnnv.MarketMenuActivity" />
30-->src/main/AndroidManifest.xml:14:9-72
30-->src/main/AndroidManifest.xml:14:19-69
31        <activity android:name="com.android.vnnv.SplashActivity" >
31-->src/main/AndroidManifest.xml:15:9-21:20
31-->src/main/AndroidManifest.xml:15:19-65
32            <intent-filter>
32-->src/main/AndroidManifest.xml:16:13-20:29
33                <action android:name="android.intent.action.MAIN" />
33-->src/main/AndroidManifest.xml:17:17-69
33-->src/main/AndroidManifest.xml:17:25-66
34
35                <category android:name="android.intent.category.LAUNCHER" />
35-->src/main/AndroidManifest.xml:19:17-77
35-->src/main/AndroidManifest.xml:19:27-74
36            </intent-filter>
37        </activity>
38        <activity android:name="com.android.vnnv.LoginPage" />
38-->src/main/AndroidManifest.xml:22:9-62
38-->src/main/AndroidManifest.xml:22:19-60
39        <activity android:name="com.android.vnnv.SignupPage" />
39-->src/main/AndroidManifest.xml:23:9-63
39-->src/main/AndroidManifest.xml:23:19-61
40        <activity android:name="com.android.vnnv.ChooseMarket" />
40-->src/main/AndroidManifest.xml:24:9-66
40-->src/main/AndroidManifest.xml:24:19-63
41        <activity android:name="com.android.vnnv.DriverPage" />
41-->src/main/AndroidManifest.xml:25:9-64
41-->src/main/AndroidManifest.xml:25:19-61
42        <activity android:name="com.android.vnnv.SignupPage" />
42-->src/main/AndroidManifest.xml:23:9-63
42-->src/main/AndroidManifest.xml:23:19-61
43        <activity android:name="com.android.vnnv.FindOrder" />
43-->src/main/AndroidManifest.xml:27:9-63
43-->src/main/AndroidManifest.xml:27:19-60
44        <activity android:name="com.android.vnnv.WaitingShipperPage" />
44-->src/main/AndroidManifest.xml:12:9-81
44-->src/main/AndroidManifest.xml:12:19-69
45
46        <service
46-->[com.google.firebase:firebase-database:20.0.5] AndroidManifest.xml:29:9-35:19
47            android:name="com.google.firebase.components.ComponentDiscoveryService"
47-->[com.google.firebase:firebase-database:20.0.5] AndroidManifest.xml:30:13-84
48            android:directBootAware="true"
48-->[com.google.firebase:firebase-common:20.1.1] AndroidManifest.xml:35:13-43
49            android:exported="false" >
49-->[com.google.firebase:firebase-database:20.0.5] AndroidManifest.xml:31:13-37
50            <meta-data
50-->[com.google.firebase:firebase-database:20.0.5] AndroidManifest.xml:32:13-34:85
51                android:name="com.google.firebase.components:com.google.firebase.database.DatabaseRegistrar"
51-->[com.google.firebase:firebase-database:20.0.5] AndroidManifest.xml:33:17-109
52                android:value="com.google.firebase.components.ComponentRegistrar" />
52-->[com.google.firebase:firebase-database:20.0.5] AndroidManifest.xml:34:17-82
53        </service>
54
55        <provider
55-->[com.google.firebase:firebase-common:20.1.1] AndroidManifest.xml:26:9-31:39
56            android:name="com.google.firebase.provider.FirebaseInitProvider"
56-->[com.google.firebase:firebase-common:20.1.1] AndroidManifest.xml:27:13-77
57            android:authorities="com.android.vnnv.firebaseinitprovider"
57-->[com.google.firebase:firebase-common:20.1.1] AndroidManifest.xml:28:13-72
58            android:directBootAware="true"
58-->[com.google.firebase:firebase-common:20.1.1] AndroidManifest.xml:29:13-43
59            android:exported="false"
59-->[com.google.firebase:firebase-common:20.1.1] AndroidManifest.xml:30:13-37
60            android:initOrder="100" />
60-->[com.google.firebase:firebase-common:20.1.1] AndroidManifest.xml:31:13-36
61
62        <activity
62-->[com.google.android.gms:play-services-base:18.0.1] AndroidManifest.xml:20:9-22:45
63            android:name="com.google.android.gms.common.api.GoogleApiActivity"
63-->[com.google.android.gms:play-services-base:18.0.1] AndroidManifest.xml:20:19-85
64            android:exported="false"
64-->[com.google.android.gms:play-services-base:18.0.1] AndroidManifest.xml:22:19-43
65            android:theme="@android:style/Theme.Translucent.NoTitleBar" />
65-->[com.google.android.gms:play-services-base:18.0.1] AndroidManifest.xml:21:19-78
66
67        <meta-data
67-->[com.google.android.gms:play-services-basement:18.0.0] AndroidManifest.xml:21:9-23:69
68            android:name="com.google.android.gms.version"
68-->[com.google.android.gms:play-services-basement:18.0.0] AndroidManifest.xml:22:13-58
69            android:value="@integer/google_play_services_version" />
69-->[com.google.android.gms:play-services-basement:18.0.0] AndroidManifest.xml:23:13-66
70    </application>
71
72</manifest>